<?xml version="1.0" encoding="UTF-8"?>
<coverage generated="1767171736685" clover="3.2.0">
  <project timestamp="1767171736685" name="All files">
    <metrics statements="84" coveredstatements="80" conditionals="25" coveredconditionals="21" methods="18" coveredmethods="18" elements="127" coveredelements="119" complexity="0" loc="84" ncloc="84" packages="3" files="3" classes="3"/>
    <package name="models">
      <metrics statements="9" coveredstatements="9" conditionals="2" coveredconditionals="2" methods="1" coveredmethods="1"/>
      <file name="task.ts" path="C:\Users\pte\Desktop\hackathon-2\src\models\task.ts">
        <metrics statements="9" coveredstatements="9" conditionals="2" coveredconditionals="2" methods="1" coveredmethods="1"/>
        <line num="38" count="2" type="cond" truecount="2" falsecount="0"/>
        <line num="39" count="2" type="stmt"/>
        <line num="40" count="2" type="stmt"/>
        <line num="41" count="2" type="stmt"/>
        <line num="42" count="2" type="stmt"/>
        <line num="43" count="2" type="stmt"/>
        <line num="44" count="2" type="stmt"/>
        <line num="45" count="2" type="stmt"/>
        <line num="51" count="2" type="stmt"/>
      </file>
    </package>
    <package name="services">
      <metrics statements="56" coveredstatements="52" conditionals="12" coveredconditionals="8" methods="14" coveredmethods="14"/>
      <file name="taskService.ts" path="C:\Users\pte\Desktop\hackathon-2\src\services\taskService.ts">
        <metrics statements="56" coveredstatements="52" conditionals="12" coveredconditionals="8" methods="14" coveredmethods="14"/>
        <line num="1" count="1" type="stmt"/>
        <line num="2" count="1" type="stmt"/>
        <line num="8" count="1" type="stmt"/>
        <line num="9" count="29" type="stmt"/>
        <line num="10" count="29" type="stmt"/>
        <line num="19" count="29" type="stmt"/>
        <line num="20" count="29" type="cond" truecount="1" falsecount="0"/>
        <line num="21" count="3" type="stmt"/>
        <line num="28" count="26" type="stmt"/>
        <line num="35" count="26" type="stmt"/>
        <line num="37" count="26" type="stmt"/>
        <line num="50" count="5" type="stmt"/>
        <line num="51" count="5" type="cond" truecount="1" falsecount="0"/>
        <line num="52" count="1" type="stmt"/>
        <line num="59" count="4" type="stmt"/>
        <line num="60" count="4" type="cond" truecount="1" falsecount="0"/>
        <line num="61" count="1" type="stmt"/>
        <line num="68" count="3" type="stmt"/>
        <line num="70" count="3" type="stmt"/>
        <line num="83" count="5" type="stmt"/>
        <line num="84" count="5" type="cond" truecount="0" falsecount="1"/>
        <line num="85" count="0" type="stmt"/>
        <line num="92" count="5" type="stmt"/>
        <line num="93" count="5" type="cond" truecount="1" falsecount="0"/>
        <line num="94" count="1" type="stmt"/>
        <line num="101" count="4" type="stmt"/>
        <line num="102" count="4" type="cond" truecount="1" falsecount="0"/>
        <line num="103" count="1" type="stmt"/>
        <line num="110" count="3" type="stmt"/>
        <line num="112" count="3" type="stmt"/>
        <line num="124" count="4" type="stmt"/>
        <line num="137" count="3" type="stmt"/>
        <line num="138" count="3" type="cond" truecount="0" falsecount="1"/>
        <line num="139" count="0" type="stmt"/>
        <line num="146" count="3" type="stmt"/>
        <line num="147" count="3" type="cond" truecount="1" falsecount="0"/>
        <line num="148" count="1" type="stmt"/>
        <line num="155" count="2" type="stmt"/>
        <line num="157" count="2" type="stmt"/>
        <line num="170" count="7" type="stmt"/>
        <line num="171" count="7" type="cond" truecount="0" falsecount="1"/>
        <line num="172" count="0" type="stmt"/>
        <line num="179" count="7" type="stmt"/>
        <line num="180" count="7" type="cond" truecount="1" falsecount="0"/>
        <line num="181" count="1" type="stmt"/>
        <line num="188" count="6" type="stmt"/>
        <line num="190" count="6" type="stmt"/>
        <line num="203" count="3" type="stmt"/>
        <line num="204" count="3" type="cond" truecount="0" falsecount="1"/>
        <line num="205" count="0" type="stmt"/>
        <line num="212" count="3" type="stmt"/>
        <line num="213" count="3" type="cond" truecount="1" falsecount="0"/>
        <line num="214" count="1" type="stmt"/>
        <line num="221" count="2" type="stmt"/>
        <line num="223" count="2" type="stmt"/>
        <line num="236" count="11" type="stmt"/>
      </file>
    </package>
    <package name="utils">
      <metrics statements="19" coveredstatements="19" conditionals="11" coveredconditionals="11" methods="3" coveredmethods="3"/>
      <file name="validators.ts" path="C:\Users\pte\Desktop\hackathon-2\src\utils\validators.ts">
        <metrics statements="19" coveredstatements="19" conditionals="11" coveredconditionals="11" methods="3" coveredmethods="3"/>
        <line num="1" count="2" type="stmt"/>
        <line num="26" count="2" type="stmt"/>
        <line num="27" count="39" type="stmt"/>
        <line num="29" count="39" type="cond" truecount="3" falsecount="0"/>
        <line num="30" count="5" type="cond" truecount="3" falsecount="0"/>
        <line num="31" count="2" type="stmt"/>
        <line num="37" count="3" type="stmt"/>
        <line num="44" count="34" type="cond" truecount="1" falsecount="0"/>
        <line num="45" count="2" type="stmt"/>
        <line num="52" count="32" type="stmt"/>
        <line num="62" count="2" type="stmt"/>
        <line num="63" count="28" type="cond" truecount="3" falsecount="0"/>
        <line num="64" count="4" type="stmt"/>
        <line num="71" count="24" type="stmt"/>
        <line num="80" count="2" type="stmt"/>
        <line num="81" count="5" type="stmt"/>
        <line num="82" count="5" type="cond" truecount="1" falsecount="0"/>
        <line num="83" count="2" type="stmt"/>
        <line num="85" count="3" type="stmt"/>
      </file>
    </package>
  </project>
</coverage>
