{"C:\\Users\\pte\\Desktop\\hackathon-2\\src\\models\\task.ts": {"path":"C:\\Users\\pte\\Desktop\\hackathon-2\\src\\models\\task.ts","statementMap":{"0":{"start":{"line":38,"column":0},"end":{"line":38,"column":null}},"1":{"start":{"line":39,"column":2},"end":{"line":39,"column":null}},"2":{"start":{"line":40,"column":2},"end":{"line":40,"column":null}},"3":{"start":{"line":41,"column":2},"end":{"line":41,"column":null}},"4":{"start":{"line":42,"column":2},"end":{"line":42,"column":null}},"5":{"start":{"line":43,"column":2},"end":{"line":43,"column":null}},"6":{"start":{"line":44,"column":2},"end":{"line":44,"column":null}},"7":{"start":{"line":45,"column":2},"end":{"line":45,"column":null}},"8":{"start":{"line":51,"column":13},"end":{"line":54,"column":11}}},"fnMap":{"0":{"name":"(anonymous_0)","decl":{"start":{"line":38,"column":0},"end":{"line":38,"column":12}},"loc":{"start":{"line":38,"column":21},"end":{"line":46,"column":1}}}},"branchMap":{"0":{"loc":{"start":{"line":38,"column":12},"end":{"line":38,"column":null}},"type":"binary-expr","locations":[{"start":{"line":38,"column":12},"end":{"line":38,"column":21}},{"start":{"line":38,"column":21},"end":{"line":38,"column":null}}]}},"s":{"0":2,"1":2,"2":2,"3":2,"4":2,"5":2,"6":2,"7":2,"8":2},"f":{"0":2},"b":{"0":[2,2]}}
,"C:\\Users\\pte\\Desktop\\hackathon-2\\src\\services\\taskService.ts": {"path":"C:\\Users\\pte\\Desktop\\hackathon-2\\src\\services\\taskService.ts","statementMap":{"0":{"start":{"line":1,"column":0},"end":{"line":1,"column":69}},"1":{"start":{"line":2,"column":0},"end":{"line":2,"column":77}},"2":{"start":{"line":9,"column":26},"end":{"line":9,"column":28}},"3":{"start":{"line":10,"column":27},"end":{"line":10,"column":28}},"4":{"start":{"line":19,"column":23},"end":{"line":19,"column":55}},"5":{"start":{"line":20,"column":4},"end":{"line":26,"column":5}},"6":{"start":{"line":21,"column":6},"end":{"line":25,"column":8}},"7":{"start":{"line":28,"column":23},"end":{"line":33,"column":6}},"8":{"start":{"line":35,"column":4},"end":{"line":35,"column":26}},"9":{"start":{"line":37,"column":4},"end":{"line":40,"column":6}},"10":{"start":{"line":50,"column":23},"end":{"line":50,"column":41}},"11":{"start":{"line":51,"column":4},"end":{"line":57,"column":5}},"12":{"start":{"line":52,"column":6},"end":{"line":56,"column":8}},"13":{"start":{"line":59,"column":18},"end":{"line":59,"column":62}},"14":{"start":{"line":59,"column":47},"end":{"line":59,"column":61}},"15":{"start":{"line":60,"column":4},"end":{"line":66,"column":5}},"16":{"start":{"line":61,"column":6},"end":{"line":65,"column":8}},"17":{"start":{"line":68,"column":4},"end":{"line":68,"column":32}},"18":{"start":{"line":70,"column":4},"end":{"line":72,"column":6}},"19":{"start":{"line":83,"column":25},"end":{"line":83,"column":43}},"20":{"start":{"line":84,"column":4},"end":{"line":90,"column":5}},"21":{"start":{"line":85,"column":6},"end":{"line":89,"column":8}},"22":{"start":{"line":92,"column":17},"end":{"line":92,"column":50}},"23":{"start":{"line":92,"column":38},"end":{"line":92,"column":49}},"24":{"start":{"line":93,"column":4},"end":{"line":99,"column":5}},"25":{"start":{"line":94,"column":6},"end":{"line":98,"column":8}},"26":{"start":{"line":101,"column":27},"end":{"line":101,"column":62}},"27":{"start":{"line":102,"column":4},"end":{"line":108,"column":5}},"28":{"start":{"line":103,"column":6},"end":{"line":107,"column":8}},"29":{"start":{"line":110,"column":4},"end":{"line":110,"column":45}},"30":{"start":{"line":112,"column":4},"end":{"line":115,"column":6}},"31":{"start":{"line":124,"column":4},"end":{"line":127,"column":6}},"32":{"start":{"line":137,"column":23},"end":{"line":137,"column":41}},"33":{"start":{"line":138,"column":4},"end":{"line":144,"column":5}},"34":{"start":{"line":139,"column":6},"end":{"line":143,"column":8}},"35":{"start":{"line":146,"column":17},"end":{"line":146,"column":50}},"36":{"start":{"line":146,"column":38},"end":{"line":146,"column":49}},"37":{"start":{"line":147,"column":4},"end":{"line":153,"column":5}},"38":{"start":{"line":148,"column":6},"end":{"line":152,"column":8}},"39":{"start":{"line":155,"column":4},"end":{"line":155,"column":37}},"40":{"start":{"line":157,"column":4},"end":{"line":160,"column":6}},"41":{"start":{"line":170,"column":23},"end":{"line":170,"column":41}},"42":{"start":{"line":171,"column":4},"end":{"line":177,"column":5}},"43":{"start":{"line":172,"column":6},"end":{"line":176,"column":8}},"44":{"start":{"line":179,"column":17},"end":{"line":179,"column":50}},"45":{"start":{"line":179,"column":38},"end":{"line":179,"column":49}},"46":{"start":{"line":180,"column":4},"end":{"line":186,"column":5}},"47":{"start":{"line":181,"column":6},"end":{"line":185,"column":8}},"48":{"start":{"line":188,"column":4},"end":{"line":188,"column":26}},"49":{"start":{"line":190,"column":4},"end":{"line":193,"column":6}},"50":{"start":{"line":203,"column":23},"end":{"line":203,"column":41}},"51":{"start":{"line":204,"column":4},"end":{"line":210,"column":5}},"52":{"start":{"line":205,"column":6},"end":{"line":209,"column":8}},"53":{"start":{"line":212,"column":17},"end":{"line":212,"column":50}},"54":{"start":{"line":212,"column":38},"end":{"line":212,"column":49}},"55":{"start":{"line":213,"column":4},"end":{"line":219,"column":5}},"56":{"start":{"line":214,"column":6},"end":{"line":218,"column":8}},"57":{"start":{"line":221,"column":4},"end":{"line":221,"column":27}},"58":{"start":{"line":223,"column":4},"end":{"line":226,"column":6}},"59":{"start":{"line":236,"column":4},"end":{"line":236,"column":45}},"60":{"start":{"line":236,"column":32},"end":{"line":236,"column":43}},"61":{"start":{"line":8,"column":0},"end":{"line":8,"column":13}}},"fnMap":{"0":{"name":"(anonymous_0)","decl":{"start":{"line":18,"column":2},"end":{"line":18,"column":9}},"loc":{"start":{"line":18,"column":29},"end":{"line":41,"column":3}}},"1":{"name":"(anonymous_1)","decl":{"start":{"line":49,"column":2},"end":{"line":49,"column":12}},"loc":{"start":{"line":49,"column":23},"end":{"line":73,"column":3}}},"2":{"name":"(anonymous_2)","decl":{"start":{"line":59,"column":39},"end":{"line":59,"column":43}},"loc":{"start":{"line":59,"column":47},"end":{"line":59,"column":61}}},"3":{"name":"(anonymous_3)","decl":{"start":{"line":82,"column":2},"end":{"line":82,"column":12}},"loc":{"start":{"line":82,"column":47},"end":{"line":116,"column":3}}},"4":{"name":"(anonymous_4)","decl":{"start":{"line":92,"column":33},"end":{"line":92,"column":34}},"loc":{"start":{"line":92,"column":38},"end":{"line":92,"column":49}}},"5":{"name":"(anonymous_5)","decl":{"start":{"line":123,"column":2},"end":{"line":123,"column":13}},"loc":{"start":{"line":123,"column":13},"end":{"line":128,"column":3}}},"6":{"name":"(anonymous_6)","decl":{"start":{"line":136,"column":2},"end":{"line":136,"column":12}},"loc":{"start":{"line":136,"column":23},"end":{"line":161,"column":3}}},"7":{"name":"(anonymous_7)","decl":{"start":{"line":146,"column":33},"end":{"line":146,"column":34}},"loc":{"start":{"line":146,"column":38},"end":{"line":146,"column":49}}},"8":{"name":"(anonymous_8)","decl":{"start":{"line":169,"column":2},"end":{"line":169,"column":14}},"loc":{"start":{"line":169,"column":25},"end":{"line":194,"column":3}}},"9":{"name":"(anonymous_9)","decl":{"start":{"line":179,"column":33},"end":{"line":179,"column":34}},"loc":{"start":{"line":179,"column":38},"end":{"line":179,"column":49}}},"10":{"name":"(anonymous_10)","decl":{"start":{"line":202,"column":2},"end":{"line":202,"column":16}},"loc":{"start":{"line":202,"column":27},"end":{"line":227,"column":3}}},"11":{"name":"(anonymous_11)","decl":{"start":{"line":212,"column":33},"end":{"line":212,"column":34}},"loc":{"start":{"line":212,"column":38},"end":{"line":212,"column":49}}},"12":{"name":"(anonymous_12)","decl":{"start":{"line":235,"column":2},"end":{"line":235,"column":13}},"loc":{"start":{"line":235,"column":24},"end":{"line":237,"column":3}}},"13":{"name":"(anonymous_13)","decl":{"start":{"line":236,"column":27},"end":{"line":236,"column":28}},"loc":{"start":{"line":236,"column":32},"end":{"line":236,"column":43}}}},"branchMap":{"0":{"loc":{"start":{"line":20,"column":4},"end":{"line":26,"column":5}},"type":"if","locations":[{"start":{"line":20,"column":4},"end":{"line":26,"column":5}}]},"1":{"loc":{"start":{"line":51,"column":4},"end":{"line":57,"column":5}},"type":"if","locations":[{"start":{"line":51,"column":4},"end":{"line":57,"column":5}}]},"2":{"loc":{"start":{"line":60,"column":4},"end":{"line":66,"column":5}},"type":"if","locations":[{"start":{"line":60,"column":4},"end":{"line":66,"column":5}}]},"3":{"loc":{"start":{"line":84,"column":4},"end":{"line":90,"column":5}},"type":"if","locations":[{"start":{"line":84,"column":4},"end":{"line":90,"column":5}}]},"4":{"loc":{"start":{"line":93,"column":4},"end":{"line":99,"column":5}},"type":"if","locations":[{"start":{"line":93,"column":4},"end":{"line":99,"column":5}}]},"5":{"loc":{"start":{"line":102,"column":4},"end":{"line":108,"column":5}},"type":"if","locations":[{"start":{"line":102,"column":4},"end":{"line":108,"column":5}}]},"6":{"loc":{"start":{"line":138,"column":4},"end":{"line":144,"column":5}},"type":"if","locations":[{"start":{"line":138,"column":4},"end":{"line":144,"column":5}}]},"7":{"loc":{"start":{"line":147,"column":4},"end":{"line":153,"column":5}},"type":"if","locations":[{"start":{"line":147,"column":4},"end":{"line":153,"column":5}}]},"8":{"loc":{"start":{"line":171,"column":4},"end":{"line":177,"column":5}},"type":"if","locations":[{"start":{"line":171,"column":4},"end":{"line":177,"column":5}}]},"9":{"loc":{"start":{"line":180,"column":4},"end":{"line":186,"column":5}},"type":"if","locations":[{"start":{"line":180,"column":4},"end":{"line":186,"column":5}}]},"10":{"loc":{"start":{"line":204,"column":4},"end":{"line":210,"column":5}},"type":"if","locations":[{"start":{"line":204,"column":4},"end":{"line":210,"column":5}}]},"11":{"loc":{"start":{"line":213,"column":4},"end":{"line":219,"column":5}},"type":"if","locations":[{"start":{"line":213,"column":4},"end":{"line":219,"column":5}}]}},"s":{"0":1,"1":1,"2":29,"3":29,"4":29,"5":29,"6":3,"7":26,"8":26,"9":26,"10":5,"11":5,"12":1,"13":4,"14":4,"15":4,"16":1,"17":3,"18":3,"19":5,"20":5,"21":0,"22":5,"23":4,"24":5,"25":1,"26":4,"27":4,"28":1,"29":3,"30":3,"31":4,"32":3,"33":3,"34":0,"35":3,"36":2,"37":3,"38":1,"39":2,"40":2,"41":7,"42":7,"43":0,"44":7,"45":6,"46":7,"47":1,"48":6,"49":6,"50":3,"51":3,"52":0,"53":3,"54":2,"55":3,"56":1,"57":2,"58":2,"59":11,"60":10,"61":1},"f":{"0":29,"1":5,"2":4,"3":5,"4":4,"5":4,"6":3,"7":2,"8":7,"9":6,"10":3,"11":2,"12":11,"13":10},"b":{"0":[3],"1":[1],"2":[1],"3":[0],"4":[1],"5":[1],"6":[0],"7":[1],"8":[0],"9":[1],"10":[0],"11":[1]}}
,"C:\\Users\\pte\\Desktop\\hackathon-2\\src\\utils\\validators.ts": {"path":"C:\\Users\\pte\\Desktop\\hackathon-2\\src\\utils\\validators.ts","statementMap":{"0":{"start":{"line":26,"column":0},"end":{"line":26,"column":16}},"1":{"start":{"line":62,"column":0},"end":{"line":62,"column":16}},"2":{"start":{"line":80,"column":0},"end":{"line":80,"column":16}},"3":{"start":{"line":1,"column":0},"end":{"line":1,"column":68}},"4":{"start":{"line":27,"column":18},"end":{"line":27,"column":36}},"5":{"start":{"line":29,"column":2},"end":{"line":42,"column":3}},"6":{"start":{"line":30,"column":4},"end":{"line":36,"column":5}},"7":{"start":{"line":31,"column":6},"end":{"line":35,"column":8}},"8":{"start":{"line":37,"column":4},"end":{"line":41,"column":6}},"9":{"start":{"line":44,"column":2},"end":{"line":50,"column":3}},"10":{"start":{"line":45,"column":4},"end":{"line":49,"column":6}},"11":{"start":{"line":52,"column":2},"end":{"line":52,"column":25}},"12":{"start":{"line":63,"column":2},"end":{"line":69,"column":3}},"13":{"start":{"line":64,"column":4},"end":{"line":68,"column":6}},"14":{"start":{"line":71,"column":2},"end":{"line":71,"column":25}},"15":{"start":{"line":81,"column":13},"end":{"line":81,"column":35}},"16":{"start":{"line":82,"column":2},"end":{"line":84,"column":3}},"17":{"start":{"line":83,"column":4},"end":{"line":83,"column":16}},"18":{"start":{"line":85,"column":2},"end":{"line":85,"column":12}}},"fnMap":{"0":{"name":"validateDescription","decl":{"start":{"line":26,"column":16},"end":{"line":26,"column":35}},"loc":{"start":{"line":26,"column":55},"end":{"line":53,"column":1}}},"1":{"name":"validateTaskId","decl":{"start":{"line":62,"column":16},"end":{"line":62,"column":30}},"loc":{"start":{"line":62,"column":41},"end":{"line":72,"column":1}}},"2":{"name":"parseTaskId","decl":{"start":{"line":80,"column":16},"end":{"line":80,"column":27}},"loc":{"start":{"line":80,"column":44},"end":{"line":86,"column":1}}}},"branchMap":{"0":{"loc":{"start":{"line":29,"column":2},"end":{"line":42,"column":3}},"type":"if","locations":[{"start":{"line":29,"column":2},"end":{"line":42,"column":3}}]},"1":{"loc":{"start":{"line":29,"column":6},"end":{"line":29,"column":54}},"type":"binary-expr","locations":[{"start":{"line":29,"column":6},"end":{"line":29,"column":30}},{"start":{"line":29,"column":34},"end":{"line":29,"column":54}}]},"2":{"loc":{"start":{"line":30,"column":4},"end":{"line":36,"column":5}},"type":"if","locations":[{"start":{"line":30,"column":4},"end":{"line":36,"column":5}}]},"3":{"loc":{"start":{"line":30,"column":8},"end":{"line":30,"column":54}},"type":"binary-expr","locations":[{"start":{"line":30,"column":8},"end":{"line":30,"column":30}},{"start":{"line":30,"column":34},"end":{"line":30,"column":54}}]},"4":{"loc":{"start":{"line":44,"column":2},"end":{"line":50,"column":3}},"type":"if","locations":[{"start":{"line":44,"column":2},"end":{"line":50,"column":3}}]},"5":{"loc":{"start":{"line":63,"column":2},"end":{"line":69,"column":3}},"type":"if","locations":[{"start":{"line":63,"column":2},"end":{"line":69,"column":3}}]},"6":{"loc":{"start":{"line":63,"column":6},"end":{"line":63,"column":38}},"type":"binary-expr","locations":[{"start":{"line":63,"column":6},"end":{"line":63,"column":27}},{"start":{"line":63,"column":31},"end":{"line":63,"column":38}}]},"7":{"loc":{"start":{"line":82,"column":2},"end":{"line":84,"column":3}},"type":"if","locations":[{"start":{"line":82,"column":2},"end":{"line":84,"column":3}}]}},"s":{"0":2,"1":2,"2":2,"3":2,"4":39,"5":39,"6":5,"7":2,"8":3,"9":34,"10":2,"11":32,"12":28,"13":4,"14":24,"15":5,"16":5,"17":2,"18":3},"f":{"0":39,"1":28,"2":5},"b":{"0":[5],"1":[39,36],"2":[2],"3":[5,2],"4":[2],"5":[4],"6":[28,27],"7":[2]}}
}
