TN:
SF:src\models\task.ts
FN:38,(anonymous_0)
FNF:1
FNH:1
FNDA:2,(anonymous_0)
DA:38,2
DA:39,2
DA:40,2
DA:41,2
DA:42,2
DA:43,2
DA:44,2
DA:45,2
DA:51,2
LF:9
LH:9
BRDA:38,0,0,2
BRDA:38,0,1,2
BRF:2
BRH:2
end_of_record
TN:
SF:src\services\taskService.ts
FN:18,(anonymous_0)
FN:49,(anonymous_1)
FN:59,(anonymous_2)
FN:82,(anonymous_3)
FN:92,(anonymous_4)
FN:123,(anonymous_5)
FN:136,(anonymous_6)
FN:146,(anonymous_7)
FN:169,(anonymous_8)
FN:179,(anonymous_9)
FN:202,(anonymous_10)
FN:212,(anonymous_11)
FN:235,(anonymous_12)
FN:236,(anonymous_13)
FNF:14
FNH:14
FNDA:29,(anonymous_0)
FNDA:5,(anonymous_1)
FNDA:4,(anonymous_2)
FNDA:5,(anonymous_3)
FNDA:4,(anonymous_4)
FNDA:4,(anonymous_5)
FNDA:3,(anonymous_6)
FNDA:2,(anonymous_7)
FNDA:7,(anonymous_8)
FNDA:6,(anonymous_9)
FNDA:3,(anonymous_10)
FNDA:2,(anonymous_11)
FNDA:11,(anonymous_12)
FNDA:10,(anonymous_13)
DA:1,1
DA:2,1
DA:8,1
DA:9,29
DA:10,29
DA:19,29
DA:20,29
DA:21,3
DA:28,26
DA:35,26
DA:37,26
DA:50,5
DA:51,5
DA:52,1
DA:59,4
DA:60,4
DA:61,1
DA:68,3
DA:70,3
DA:83,5
DA:84,5
DA:85,0
DA:92,5
DA:93,5
DA:94,1
DA:101,4
DA:102,4
DA:103,1
DA:110,3
DA:112,3
DA:124,4
DA:137,3
DA:138,3
DA:139,0
DA:146,3
DA:147,3
DA:148,1
DA:155,2
DA:157,2
DA:170,7
DA:171,7
DA:172,0
DA:179,7
DA:180,7
DA:181,1
DA:188,6
DA:190,6
DA:203,3
DA:204,3
DA:205,0
DA:212,3
DA:213,3
DA:214,1
DA:221,2
DA:223,2
DA:236,11
LF:56
LH:52
BRDA:20,0,0,3
BRDA:51,1,0,1
BRDA:60,2,0,1
BRDA:84,3,0,0
BRDA:93,4,0,1
BRDA:102,5,0,1
BRDA:138,6,0,0
BRDA:147,7,0,1
BRDA:171,8,0,0
BRDA:180,9,0,1
BRDA:204,10,0,0
BRDA:213,11,0,1
BRF:12
BRH:8
end_of_record
TN:
SF:src\utils\validators.ts
FN:26,validateDescription
FN:62,validateTaskId
FN:80,parseTaskId
FNF:3
FNH:3
FNDA:39,validateDescription
FNDA:28,validateTaskId
FNDA:5,parseTaskId
DA:1,2
DA:26,2
DA:27,39
DA:29,39
DA:30,5
DA:31,2
DA:37,3
DA:44,34
DA:45,2
DA:52,32
DA:62,2
DA:63,28
DA:64,4
DA:71,24
DA:80,2
DA:81,5
DA:82,5
DA:83,2
DA:85,3
LF:19
LH:19
BRDA:29,0,0,5
BRDA:29,1,0,39
BRDA:29,1,1,36
BRDA:30,2,0,2
BRDA:30,3,0,5
BRDA:30,3,1,2
BRDA:44,4,0,2
BRDA:63,5,0,4
BRDA:63,6,0,28
BRDA:63,6,1,27
BRDA:82,7,0,2
BRF:11
BRH:11
end_of_record
